
Getting BigQuery client
Getting file metadata
Running query: SELECT repo_name, ref, path, id FROM [github-bioinformatics-157418:test_repos.files]
Running CLOC on each file...

1. include/judy-1.0.5/doc/man/man3/Judy1LastEmpty - no CLOC result
2. presentations/kLib/nwo_logo_en.eps - content is empty
3. presentations/theory_implementation/ul_logo.eps - content is empty
4. presentations/version_0.2.0/Makefile - content is empty
5. SimPhy.wiki - content is empty
6. Convert_to_bed_unite.pl - success
7. include/seqan/bam_io/bam_stream.h - success
8. include/seqan/bam_io/bam_writer.h - success
9. include/seqan/basic/iterator_adapt_pointer.h - success
10. include/seqan/basic/pair_bit_compressed.h - success
11. include/seqan/file/chunk_collector.h - success
12. include/seqan/index/find_index_esa.h - success
13. include/seqan/index/index_esa_algs.h - success
14. include/seqan/index/pipe_merger7.h - success
15. include/seqan/sequence/sequence_forwards.h - success
16. include/seqan/stream.h - success
17. include/seqan/stream/adapt_fstream.h - success
18. include/seqan/stream/adapt_iostream.h - success
19. include/seqan/system/system_thread.h - success
20. models/Leukemia/Leukemia_C-T.trinuc - no CLOC result
21. models/dbSNP/Chromosome_1/ContextG-G.trinuc - no CLOC result
22. utilities/plotMutModel.py - success
23. output/FlaiMapper/SRP006788/03.e_unique_ncRNAs_with_fragments.txt - no CLOC result
24. output/figures/fig_5_extra/validation_FlaiMapper_miRBase_SRP006788_SRR207115_HeLa18-30_XRN1_2_sensitivity_barplot.svg - no CLOC result
25. scripts/figures/fig_8/motifs_MIR_suffix.txt - no CLOC result
26. bin/DLLs/_testcapi.pyd - no CLOC result
27. bin/Database/MetagenomicsTable.csv - no CLOC result
28. bin/Lib/_weakrefset.pyo - no CLOC result
29. bin/Lib/ast.py - success
30. bin/Lib/ctypes/test/test_cast.py - success
31. bin/Lib/ctypes/test/test_delattr.py - success
32. bin/Lib/ctypes/test/test_funcptr.py - success
33. bin/Lib/distutils/config.py - success
34. bin/Lib/distutils/tests/test_bdist_rpm.py - success
35. bin/Lib/encodings/big5hkscs.py - success
36. bin/Lib/encodings/gb2312.py - success
37. bin/Lib/filecmp.py - success
38. bin/Lib/fpformat.py - success
39. bin/Lib/idlelib/Icons/openfolder.gif - skipping: Could not detect encoding
40. bin/Lib/lib-tk/test/test_ttk/test_extensions.py - success
41. bin/Lib/lib2to3/fixes/fix_reduce.py - success
42. bin/Lib/lib2to3/fixes/fix_xreadlines.py - success
43. bin/Lib/posixpath.py - success
44. bin/Lib/site-packages/Cython/Includes/cpython/unicode.pxd - no CLOC result
45. bin/Lib/site-packages/Cython/Plex/DFA.py - success
46. bin/Lib/site-packages/Cython/Tempita/compat3.py - success
47. bin/Lib/site-packages/adodbapi/adodbapi.pyo - no CLOC result
48. bin/Lib/site-packages/cryptography-0.5.3.dist-info/top_level.txt - no CLOC result
49. bin/Lib/site-packages/cryptography/hazmat/backends/openssl/hmac.py - success
50. bin/Lib/site-packages/cryptography/hazmat/bindings/openssl/ecdh.py - success
51. bin/Lib/site-packages/cryptography/hazmat/bindings/utils.py - success
52. bin/Lib/site-packages/cryptography/hazmat/primitives/hmac.py - success
53. bin/Lib/site-packages/cryptography/hazmat/primitives/kdf/__init__.py - success
54. bin/Lib/site-packages/dateutil/tzwin.py - success
55. bin/Lib/site-packages/dateutil/zoneinfo/zoneinfo--latest.tar.gz - skipping: Could not detect encoding
56. bin/Lib/site-packages/matplotlib/backends/qt4_editor/__init__.py - success
57. bin/Lib/site-packages/matplotlib/backends/web_backend/css/page.css - success
58. bin/Lib/site-packages/matplotlib/cbook.pyo - no CLOC result
59. bin/Lib/site-packages/matplotlib/mpl-data/fonts/afm/pbkli8a.afm - no CLOC result
60. bin/Lib/site-packages/matplotlib/mpl-data/fonts/afm/pplri8a.afm - no CLOC result
61. bin/Lib/site-packages/matplotlib/mpl-data/fonts/ttf/cmex10.ttf - no CLOC result
62. bin/Lib/site-packages/matplotlib/mpl-data/images/filesave.png - skipping: Could not detect encoding
63. bin/Lib/site-packages/matplotlib/mpl-data/images/stock_right.ppm - no CLOC result
64. bin/Lib/site-packages/matplotlib/mpl.py - success
65. bin/Lib/site-packages/matplotlib/sphinxext/mathmpl.pyo - no CLOC result
66. bin/Lib/site-packages/matplotlib/streamplot.pyo - no CLOC result
67. bin/Lib/site-packages/matplotlib/transforms.pyo - no CLOC result
68. bin/Lib/site-packages/matplotlib/units.pyo - no CLOC result
69. bin/Lib/site-packages/mpl_toolkits/axes_grid1/mpl_axes.py - success
70. bin/Lib/site-packages/mpl_toolkits/axisartist/axis_artist.pyo - no CLOC result
71. bin/Lib/site-packages/mpl_toolkits/axisartist/floating_axes.py - success
72. bin/Lib/site-packages/ndg/httpsclient/test/__init__.py - success
73. bin/Lib/site-packages/ndg/httpsclient/urllib2_build_opener.py - success
74. bin/Lib/site-packages/ndg_httpsclient-0.3.2-py2.7.egg-info/SOURCES.txt - no CLOC result
75. bin/Lib/site-packages/numpy/core/_internal.py - success
76. bin/Lib/site-packages/numpy/core/include/numpy/npy_math.h - success
77. bin/Lib/site-packages/numpy/core/include/numpy/ufunc_api.txt - no CLOC result
78. bin/Lib/site-packages/numpy/core/tests/test_blasdot.py - success
79. bin/Lib/site-packages/numpy/core/tests/test_multiarray_assignment.pyo - no CLOC result
80. bin/Lib/site-packages/numpy/ctypeslib.py - success
81. bin/Lib/site-packages/numpy/distutils/__version__.py - success
82. bin/Lib/site-packages/numpy/distutils/command/sdist.pyo - no CLOC result
83. bin/Lib/site-packages/numpy/distutils/tests/pyrex_ext/setup.pyo - no CLOC result
84. bin/Lib/site-packages/numpy/doc/io.pyo - no CLOC result
85. bin/Lib/site-packages/numpy/doc/misc.py - success
86. bin/Lib/site-packages/numpy/f2py/cfuncs.py - success
87. bin/Lib/site-packages/numpy/f2py/docs/HISTORY.txt - no CLOC result
88. bin/Lib/site-packages/numpy/f2py/docs/THANKS.txt - no CLOC result
89. bin/Lib/site-packages/numpy/f2py/docs/usersguide/string_session.dat - no CLOC result
90. bin/Lib/site-packages/numpy/f2py/f2py2e.pyo - no CLOC result
91. bin/Lib/site-packages/numpy/f2py/f90mod_rules.py - success
92. bin/Lib/site-packages/numpy/f2py/tests/src/kind/foo.f90 - success
93. bin/Lib/site-packages/numpy/f2py/tests/test_array_from_pyobj.pyo - no CLOC result
94. bin/Lib/site-packages/numpy/fft/info.py - success
95. bin/Lib/site-packages/numpy/oldnumeric/__init__.pyo - no CLOC result
96. bin/Lib/site-packages/numpy/oldnumeric/compat.py - success
97. bin/Lib/site-packages/numpy/polynomial/tests/test_polyutils.py - success
98. bin/Lib/site-packages/osgeo/gdal110.dll - skipping: This API returns blobs up to 1 MB in size. The requested blob is too large to fetch via the API, but you can use the Git Data API to request blobs up to 100 MB in size.
99. bin/Lib/site-packages/pyasn1-0.1.7-py2.7.egg - skipping: Could not detect encoding
100. bin/Lib/site-packages/pycparser/ply/ctokens.py - success
101. bin/Lib/site-packages/pythonwin/pywin/debugger/__init__.pyo - no CLOC result
102. bin/Lib/site-packages/pythonwin/pywin/framework/editor/color/coloreditor.py - success
103. bin/Lib/site-packages/requests-2.3.0-py2.7.egg/requests/cookies.py - success
104. bin/Lib/site-packages/requests-2.3.0-py2.7.egg/requests/packages/chardet/compat.py - success
105. bin/Lib/site-packages/requests-2.3.0-py2.7.egg/requests/packages/urllib3/request.py - success
106. bin/Lib/site-packages/rpy2/rlike/tests/__init__.pyo - no CLOC result
107. bin/Lib/site-packages/rpy2/robjects/vectors.py - success
108. bin/Lib/site-packages/scipy/BENTO_BUILD.txt - no CLOC result
109. bin/Lib/site-packages/scipy/fftpack/tests/gendata.m - success
110. bin/Lib/site-packages/scipy/fftpack/tests/test_basic.pyo - no CLOC result
111. bin/Lib/site-packages/scipy/io/__init__.pyo - no CLOC result
112. bin/Lib/site-packages/scipy/io/matlab/tests/data/testdouble_4.2c_SOL2.mat - no CLOC result
113. bin/Lib/site-packages/scipy/io/matlab/tests/data/testmatrix_4.2c_SOL2.mat - no CLOC result
114. bin/Lib/site-packages/scipy/io/matlab/tests/data/testonechar_4.2c_SOL2.mat - no CLOC result
115. bin/Lib/site-packages/scipy/io/matlab/tests/data/teststructnest_7.4_GLNX86.mat - no CLOC result
116. bin/Lib/site-packages/scipy/io/tests/data/fortran-sf8-22x10x15.dat - skipping: Could not detect encoding
117. bin/Lib/site-packages/scipy/io/tests/data/scalar_int16.sav - no CLOC result
118. bin/Lib/site-packages/scipy/io/tests/data/scalar_uint32.sav - no CLOC result
119. bin/Lib/site-packages/scipy/io/tests/test_mmio.py - success
120. bin/Lib/site-packages/scipy/lib/_util.pyo - no CLOC result
121. bin/Lib/site-packages/scipy/lib/blas/__init__.pyo - no CLOC result
122. bin/Lib/site-packages/scipy/linalg/__init__.pyo - no CLOC result
123. bin/Lib/site-packages/scipy/misc/tests/data/icon_mono.png - skipping: 'charmap' codec can't decode byte 0xff in position 44: character maps to <undefined>
124. bin/Lib/site-packages/scipy/ndimage/tests/test_ndimage.pyo - no CLOC result
125. bin/Lib/site-packages/scipy/odr/tests/test_odr.pyo - no CLOC result
126. bin/Lib/site-packages/scipy/optimize/minpack.py - success
127. bin/Lib/site-packages/scipy/sparse/coo.pyo - no CLOC result
128. bin/Lib/site-packages/scipy/spatial/tests/data/degenerate_pointset.npz - skipping: Could not detect encoding
129. bin/Lib/site-packages/scipy/special/_ufuncs.pyd - no CLOC result
130. bin/Lib/site-packages/scipy/special/tests/test_spfun_stats.py - success
131. bin/Lib/site-packages/scipy/weave/blitz/blitz/array/expr.h - success
132. bin/Lib/site-packages/scipy/weave/blitz/blitz/array/stencilops.h - success
133. bin/Lib/site-packages/scipy/weave/blitz/blitz/meta/Makefile.in - no CLOC result
134. bin/Lib/site-packages/scipy/weave/examples/dict_sort.pyo - no CLOC result
135. bin/Lib/site-packages/scipy/weave/examples/wx_example.py - success
136. bin/Lib/site-packages/scipy/weave/tests/test_inline_tools.py - success
137. bin/Lib/site-packages/scipy/weave/tests/test_numpy_scalar_spec.py - success
138. bin/Lib/site-packages/win32/Demos/BackupRead_BackupWrite.py - success
139. bin/Lib/site-packages/win32/Demos/security/regsecurity.py - success
140. bin/Lib/site-packages/win32/lib/win32cryptcon.py - success
141. bin/Lib/site-packages/win32/lib/win32pdhutil.py - success
142. bin/Lib/site-packages/win32/win32security.pyd - no CLOC result
143. bin/Lib/site-packages/win32com/test/testServers.pyo - no CLOC result
144. bin/Lib/site-packages/win32comext/axdebug/contexts.py - success
145. bin/Lib/site-packages/wx-2.8-msw-unicode/wx/_richtext.pyd - no CLOC result
146. bin/Lib/site-packages/wx-2.8-msw-unicode/wx/lib/agw/genericmessagedialog.py - success
147. bin/Lib/site-packages/wx-2.8-msw-unicode/wx/lib/agw/ribbon/page.py - success
148. bin/Lib/site-packages/wx-2.8-msw-unicode/wx/lib/art/__init__.py - success
149. bin/Lib/site-packages/wx-2.8-msw-unicode/wx/lib/pubsub/core/arg1/__init__.py - success
150. bin/Lib/site-packages/wx-2.8-msw-unicode/wx/locale/fr/LC_MESSAGES/wxstd.mo - no CLOC result
151. bin/Lib/site-packages/wx-2.8-msw-unicode/wx/richtext.py - success
152. bin/Lib/site-packages/wx-2.8-msw-unicode/wx/stc.py - success
153. bin/Lib/site-packages/wx-2.8-msw-unicode/wx/tools/Editra/pixmaps/theme/Tango/menu/delete.png - skipping: Could not detect encoding
154. bin/Lib/site-packages/wx-2.8-msw-unicode/wx/tools/Editra/pixmaps/theme/Tango/menu/mail.png - skipping: Could not detect encoding
155. bin/Lib/site-packages/wx-2.8-msw-unicode/wx/tools/Editra/plugins/FileBrowser-1.6-py2.6.egg - skipping: Could not detect encoding
